Determining if the pthread_create exist failed with the following output:
Change Dir: /home/paolo/catkin_ws/src/git/ORB_SLAM2/build/CMakeFiles/CMakeTmp

Run Build Command:"/usr/bin/make" "cmTC_a3c20/fast"
/usr/bin/make -f CMakeFiles/cmTC_a3c20.dir/build.make CMakeFiles/cmTC_a3c20.dir/build
make[1]: ingresso nella directory "/home/paolo/catkin_ws/src/git/ORB_SLAM2/build/CMakeFiles/CMakeTmp"
Building C object CMakeFiles/cmTC_a3c20.dir/CheckSymbolExists.c.o
/usr/bin/cc    -Wall  -O3 -march=native     -o CMakeFiles/cmTC_a3c20.dir/CheckSymbolExists.c.o   -c /home/paolo/catkin_ws/src/git/ORB_SLAM2/build/CMakeFiles/CMakeTmp/CheckSymbolExists.c
Linking C executable cmTC_a3c20
/usr/bin/cmake -E cmake_link_script CMakeFiles/cmTC_a3c20.dir/link.txt --verbose=1
/usr/bin/cc    -Wall  -O3 -march=native      CMakeFiles/cmTC_a3c20.dir/CheckSymbolExists.c.o  -o cmTC_a3c20 -rdynamic 
CMakeFiles/cmTC_a3c20.dir/CheckSymbolExists.c.o: nella funzione "main":
CheckSymbolExists.c:(.text.startup+0x6): riferimento non definito a "pthread_create"
collect2: error: ld returned 1 exit status
CMakeFiles/cmTC_a3c20.dir/build.make:97: set di istruzioni per l'obiettivo "cmTC_a3c20" non riuscito
make[1]: *** [cmTC_a3c20] Errore 1
make[1]: uscita dalla directory "/home/paolo/catkin_ws/src/git/ORB_SLAM2/build/CMakeFiles/CMakeTmp"
Makefile:126: set di istruzioni per l'obiettivo "cmTC_a3c20/fast" non riuscito
make: *** [cmTC_a3c20/fast] Errore 2

File /home/paolo/catkin_ws/src/git/ORB_SLAM2/build/CMakeFiles/CMakeTmp/CheckSymbolExists.c:
/* */
#include <pthread.h>

int main(int argc, char** argv)
{
  (void)argv;
#ifndef pthread_create
  return ((int*)(&pthread_create))[argc];
#else
  (void)argc;
  return 0;
#endif
}

Determining if the function pthread_create exists in the pthreads failed with the following output:
Change Dir: /home/paolo/catkin_ws/src/git/ORB_SLAM2/build/CMakeFiles/CMakeTmp

Run Build Command:"/usr/bin/make" "cmTC_81c21/fast"
/usr/bin/make -f CMakeFiles/cmTC_81c21.dir/build.make CMakeFiles/cmTC_81c21.dir/build
make[1]: ingresso nella directory "/home/paolo/catkin_ws/src/git/ORB_SLAM2/build/CMakeFiles/CMakeTmp"
Building C object CMakeFiles/cmTC_81c21.dir/CheckFunctionExists.c.o
/usr/bin/cc    -Wall  -O3 -march=native  -DCHECK_FUNCTION_EXISTS=pthread_create   -o CMakeFiles/cmTC_81c21.dir/CheckFunctionExists.c.o   -c /usr/share/cmake-3.5/Modules/CheckFunctionExists.c
Linking C executable cmTC_81c21
/usr/bin/cmake -E cmake_link_script CMakeFiles/cmTC_81c21.dir/link.txt --verbose=1
/usr/bin/cc    -Wall  -O3 -march=native  -DCHECK_FUNCTION_EXISTS=pthread_create    CMakeFiles/cmTC_81c21.dir/CheckFunctionExists.c.o  -o cmTC_81c21 -rdynamic -lpthreads 
/usr/bin/ld: impossibile trovare -lpthreads
collect2: error: ld returned 1 exit status
CMakeFiles/cmTC_81c21.dir/build.make:97: set di istruzioni per l'obiettivo "cmTC_81c21" non riuscito
make[1]: *** [cmTC_81c21] Errore 1
make[1]: uscita dalla directory "/home/paolo/catkin_ws/src/git/ORB_SLAM2/build/CMakeFiles/CMakeTmp"
Makefile:126: set di istruzioni per l'obiettivo "cmTC_81c21/fast" non riuscito
make: *** [cmTC_81c21/fast] Errore 2


